<?xml version="1.0" encoding="UTF-8"?>
<!-- Generated by org.testng.reporters.JUnitXMLReporter -->
<testsuite hostname="DESKTOP-INQUNRP" ignored="2" name="Test" tests="9" failures="4" timestamp="2021-02-13T18:38:01 EST" time="23.76" errors="0">
  <testcase name="myAccountLoginLinkTest" time="0.318" classname="com.assuranceLoginTests.LoginTest"/>
  <testcase name="switchToChildWindowTest" time="1.764" classname="com.assuranceLoginTests.LoginTest"/>
  <testcase name="userNameTest" time="0.316" classname="com.assuranceLoginTests.LoginTest"/>
  <testcase name="passwordLinkTest" time="0.712" classname="com.assuranceLoginTests.LoginTest"/>
  <testcase name="submitTest" time="0.14" classname="com.assuranceLoginTests.LoginTest"/>
  <testcase name="loginRegresationTest" time="10.074" classname="com.assuranceLoginTests.LoginTest">
    <failure type="org.openqa.selenium.NoSuchElementException" message="no such element: Unable to locate element: {&amp;quot;method&amp;quot;:&amp;quot;xpath&amp;quot;,&amp;quot;selector&amp;quot;:&amp;quot;(//a[contains(text(),&amp;apos;My Account Login&amp;apos;)])[1]&amp;quot;}
  (Session info: chrome=88.0.4324.150)
For documentation on this error, please visit: https://selenium.dev/exceptions/#no_such_element
Build info: version: &amp;apos;4.0.0-alpha-6&amp;apos;, revision: &amp;apos;5f43a29cfc&amp;apos;
System info: host: &amp;apos;DESKTOP-INQUNRP&amp;apos;, ip: &amp;apos;192.168.181.1&amp;apos;, os.name: &amp;apos;Windows 10&amp;apos;, os.arch: &amp;apos;amd64&amp;apos;, os.version: &amp;apos;10.0&amp;apos;, java.version: &amp;apos;1.8.0_171&amp;apos;
Driver info: org.openqa.selenium.chrome.ChromeDriver
Capabilities {acceptInsecureCerts: false, browserName: chrome, browserVersion: 88.0.4324.150, chrome: {chromedriverVersion: 88.0.4324.96 (68dba2d8a0b14..., userDataDir: C:\Users\Faruq\AppData\Loca...}, goog:chromeOptions: {debuggerAddress: localhost:21198}, javascriptEnabled: true, networkConnectionEnabled: false, pageLoadStrategy: normal, platform: WINDOWS, platformName: WINDOWS, proxy: Proxy(), setWindowRect: true, strictFileInteractability: false, timeouts: {implicit: 0, pageLoad: 300000, script: 30000}, unhandledPromptBehavior: dismiss and notify, webauthn:extension:largeBlob: true, webauthn:virtualAuthenticators: true}
Session ID: 10714f553781a9208dd9c5efcfabb94a
*** Element info: {Using=xpath, value=(//a[contains(text(),&amp;apos;My Account Login&amp;apos;)])[1]}">
      <![CDATA[org.openqa.selenium.NoSuchElementException: no such element: Unable to locate element: {"method":"xpath","selector":"(//a[contains(text(),'My Account Login')])[1]"}
  (Session info: chrome=88.0.4324.150)
For documentation on this error, please visit: https://selenium.dev/exceptions/#no_such_element
Build info: version: '4.0.0-alpha-6', revision: '5f43a29cfc'
System info: host: 'DESKTOP-INQUNRP', ip: '192.168.181.1', os.name: 'Windows 10', os.arch: 'amd64', os.version: '10.0', java.version: '1.8.0_171'
Driver info: org.openqa.selenium.chrome.ChromeDriver
Capabilities {acceptInsecureCerts: false, browserName: chrome, browserVersion: 88.0.4324.150, chrome: {chromedriverVersion: 88.0.4324.96 (68dba2d8a0b14..., userDataDir: C:\Users\Faruq\AppData\Loca...}, goog:chromeOptions: {debuggerAddress: localhost:21198}, javascriptEnabled: true, networkConnectionEnabled: false, pageLoadStrategy: normal, platform: WINDOWS, platformName: WINDOWS, proxy: Proxy(), setWindowRect: true, strictFileInteractability: false, timeouts: {implicit: 0, pageLoad: 300000, script: 30000}, unhandledPromptBehavior: dismiss and notify, webauthn:extension:largeBlob: true, webauthn:virtualAuthenticators: true}
Session ID: 10714f553781a9208dd9c5efcfabb94a
*** Element info: {Using=xpath, value=(//a[contains(text(),'My Account Login')])[1]}
at org.openqa.selenium.remote.codec.w3c.W3CHttpResponseCodec.createException(W3CHttpResponseCodec.java:196)
at org.openqa.selenium.remote.codec.w3c.W3CHttpResponseCodec.decode(W3CHttpResponseCodec.java:129)
at org.openqa.selenium.remote.codec.w3c.W3CHttpResponseCodec.decode(W3CHttpResponseCodec.java:53)
at org.openqa.selenium.remote.HttpCommandExecutor.execute(HttpCommandExecutor.java:160)
at org.openqa.selenium.remote.service.DriverCommandExecutor.execute(DriverCommandExecutor.java:83)
at org.openqa.selenium.remote.RemoteWebDriver.execute(RemoteWebDriver.java:582)
at org.openqa.selenium.remote.RemoteWebDriver.findElement(RemoteWebDriver.java:333)
at org.openqa.selenium.remote.RemoteWebDriver.findElementByXPath(RemoteWebDriver.java:451)
at org.openqa.selenium.By$ByXPath.findElement(By.java:394)
at org.openqa.selenium.remote.RemoteWebDriver.findElement(RemoteWebDriver.java:325)
at org.openqa.selenium.support.pagefactory.DefaultElementLocator.findElement(DefaultElementLocator.java:70)
at org.openqa.selenium.support.pagefactory.internal.LocatingElementHandler.invoke(LocatingElementHandler.java:39)
at com.sun.proxy.$Proxy14.click(Unknown Source)
at com.assuranceLoginPages.LoginPage.myAccountLoginLink(LoginPage.java:32)
at com.assuranceLoginPages.LoginPage.loginRegresation(LoginPage.java:72)
at com.assuranceLoginTests.LoginTest.loginRegresationTest(LoginTest.java:43)
at java.util.ArrayList.forEach(Unknown Source)
... Removed 31 stack frames]]>
    </failure>
  </testcase> <!-- loginRegresationTest -->
  <testcase name="lifeLineLinkstest" time="0.011" classname="com.assuranceNavigationTests.MousehoverLinkTest">
    <failure type="java.lang.NullPointerException">
      <![CDATA[java.lang.NullPointerException
at com.assuranceNavigationPages.MousehoverLink.lifeLineLinks(MousehoverLink.java:21)
at com.assuranceNavigationTests.MousehoverLinkTest.lifeLineLinkstest(MousehoverLinkTest.java:13)
at java.util.ArrayList.forEach(Unknown Source)
... Removed 27 stack frames]]>
    </failure>
  </testcase> <!-- lifeLineLinkstest -->
  <testcase name="enhanceLoopTest" time="0.002" classname="com.assuranceNavigationTests.MousehoverLinkTest">
    <failure type="java.lang.NullPointerException">
      <![CDATA[java.lang.NullPointerException
at com.assuranceNavigationPages.MousehoverLink.enhanceLoop(MousehoverLink.java:36)
at com.assuranceNavigationTests.MousehoverLinkTest.enhanceLoopTest(MousehoverLinkTest.java:19)
at java.util.ArrayList.forEach(Unknown Source)
... Removed 27 stack frames]]>
    </failure>
  </testcase> <!-- enhanceLoopTest -->
  <testcase name="MousehoverLinkRegression" time="0.003" classname="com.assuranceNavigationTests.MousehoverLinkTest">
    <failure type="java.lang.NullPointerException">
      <![CDATA[java.lang.NullPointerException
at com.assuranceNavigationPages.MousehoverLink.lifeLineLinks(MousehoverLink.java:21)
at com.assuranceNavigationPages.MousehoverLink.MousehoverLinkRegression(MousehoverLink.java:46)
at com.assuranceNavigationTests.MousehoverLinkTest.MousehoverLinkRegression(MousehoverLinkTest.java:25)
at java.util.ArrayList.forEach(Unknown Source)
... Removed 27 stack frames]]>
    </failure>
  </testcase> <!-- MousehoverLinkRegression -->
  <testcase name="@BeforeTest OpenApp" time="0.0" classname="com.assuranceBase.BaseTest">
    <ignored/>
  </testcase> <!-- @BeforeTest OpenApp -->
  <testcase name="@AfterTest tearDown" time="0.0" classname="com.assuranceBase.BaseTest">
    <ignored/>
  </testcase> <!-- @AfterTest tearDown -->
</testsuite> <!-- Test -->
