<?xml version="1.0" encoding="UTF-8"?>
<!-- Generated by org.testng.reporters.JUnitXMLReporter -->
<testsuite hostname="DESKTOP-INQUNRP" ignored="0" name="Fonctional Test" tests="5" failures="5" timestamp="2021-02-07T20:36:05 EST" time="0.207" errors="0">
  <testcase name="myAccountLoginLinkTest" time="0.078" classname="com.assuranceLoginTests.LoginTest">
    <failure type="java.lang.NullPointerException">
      <![CDATA[java.lang.NullPointerException
at org.openqa.selenium.support.pagefactory.DefaultElementLocator.findElement(DefaultElementLocator.java:70)
at org.openqa.selenium.support.pagefactory.internal.LocatingElementHandler.invoke(LocatingElementHandler.java:39)
at com.sun.proxy.$Proxy9.click(Unknown Source)
at com.assuranceLoginPages.LoginPage.myAccountLoginLink(LoginPage.java:32)
at com.assuranceLoginTests.LoginTest.myAccountLoginLinkTest(LoginTest.java:14)
at java.util.ArrayList.forEach(Unknown Source)
... Removed 27 stack frames]]>
    </failure>
  </testcase> <!-- myAccountLoginLinkTest -->
  <testcase name="switchToChildWindowTest" time="0.027" classname="com.assuranceLoginTests.LoginTest">
    <failure type="java.lang.IllegalArgumentException" message="Input must be set">
      <![CDATA[java.lang.IllegalArgumentException: Input must be set
at org.openqa.selenium.internal.Require.nonNull(Require.java:51)
at org.openqa.selenium.support.ui.FluentWait.<init>(FluentWait.java:100)
at org.openqa.selenium.support.ui.WebDriverWait.<init>(WebDriverWait.java:128)
at org.openqa.selenium.support.ui.WebDriverWait.<init>(WebDriverWait.java:61)
at com.assuranceLoginPages.LoginPage.switchToChildWindow(LoginPage.java:37)
at com.assuranceLoginTests.LoginTest.switchToChildWindowTest(LoginTest.java:19)
at java.util.ArrayList.forEach(Unknown Source)
... Removed 27 stack frames]]>
    </failure>
  </testcase> <!-- switchToChildWindowTest -->
  <testcase name="userNameTest" time="0.002" classname="com.assuranceLoginTests.LoginTest">
    <failure type="java.lang.NullPointerException">
      <![CDATA[java.lang.NullPointerException
at org.openqa.selenium.support.pagefactory.DefaultElementLocator.findElement(DefaultElementLocator.java:70)
at org.openqa.selenium.support.pagefactory.internal.LocatingElementHandler.invoke(LocatingElementHandler.java:39)
at com.sun.proxy.$Proxy9.sendKeys(Unknown Source)
at com.assuranceLoginPages.LoginPage.username(LoginPage.java:51)
at com.assuranceLoginTests.LoginTest.userNameTest(LoginTest.java:25)
at java.util.ArrayList.forEach(Unknown Source)
... Removed 27 stack frames]]>
    </failure>
  </testcase> <!-- userNameTest -->
  <testcase name="passwordLinkTest" time="0.004" classname="com.assuranceLoginTests.LoginTest">
    <failure type="java.lang.NullPointerException">
      <![CDATA[java.lang.NullPointerException
at org.openqa.selenium.support.pagefactory.DefaultElementLocator.findElement(DefaultElementLocator.java:70)
at org.openqa.selenium.support.pagefactory.internal.LocatingElementHandler.invoke(LocatingElementHandler.java:39)
at com.sun.proxy.$Proxy9.sendKeys(Unknown Source)
at com.assuranceLoginPages.LoginPage.passwordLink(LoginPage.java:59)
at com.assuranceLoginTests.LoginTest.passwordLinkTest(LoginTest.java:31)
at java.util.ArrayList.forEach(Unknown Source)
... Removed 27 stack frames]]>
    </failure>
  </testcase> <!-- passwordLinkTest -->
  <testcase name="submitTest" time="0.003" classname="com.assuranceLoginTests.LoginTest">
    <failure type="java.lang.NullPointerException">
      <![CDATA[java.lang.NullPointerException
at org.openqa.selenium.support.pagefactory.DefaultElementLocator.findElement(DefaultElementLocator.java:70)
at org.openqa.selenium.support.pagefactory.internal.LocatingElementHandler.invoke(LocatingElementHandler.java:39)
at com.sun.proxy.$Proxy9.click(Unknown Source)
at com.assuranceLoginPages.LoginPage.submitFunctionalty(LoginPage.java:66)
at com.assuranceLoginTests.LoginTest.submitTest(LoginTest.java:37)
at java.util.ArrayList.forEach(Unknown Source)
... Removed 27 stack frames]]>
    </failure>
  </testcase> <!-- submitTest -->
</testsuite> <!-- Fonctional Test -->
